C51 COMPILER V9.60.0.0   DELAY                                                             03/27/2023 21:29:16 PAGE 1   


C51 COMPILER V9.60.0.0, COMPILATION OF MODULE DELAY
OBJECT MODULE PLACED IN .\Objects\delay.obj
COMPILER INVOKED BY: D:\MDK\C51\BIN\C51.EXE Libaray\System\delay.c OPTIMIZE(8,SPEED) BROWSE INCDIR(.\Libaray\System;.\Li
                    -baray\Hardware;.\Libaray\System) DEBUG OBJECTEXTEND PRINT(.\Listings\delay.lst) TABS(2) OBJECT(.\Objects\delay.obj)

line level    source

   1          #include "delay.h"
   2          
   3          
   4          void Delay13us()    //@12.000MHz
   5          {
   6   1        unsigned char i;
   7   1      
   8   1        _nop_();
   9   1        _nop_();
  10   1        i = 36;
  11   1        while (--i);
  12   1      }


MODULE INFORMATION:   STATIC OVERLAYABLE
   CODE SIZE        =      7    ----
   CONSTANT SIZE    =   ----    ----
   XDATA SIZE       =   ----    ----
   PDATA SIZE       =   ----    ----
   DATA SIZE        =   ----    ----
   IDATA SIZE       =   ----    ----
   BIT SIZE         =   ----    ----
END OF MODULE INFORMATION.


C51 COMPILATION COMPLETE.  0 WARNING(S),  0 ERROR(S)
