C51 COMPILER V9.60.0.0   DEVICE                                                            03/27/2023 21:29:15 PAGE 1   


C51 COMPILER V9.60.0.0, COMPILATION OF MODULE DEVICE
OBJECT MODULE PLACED IN .\Objects\Device.obj
COMPILER INVOKED BY: D:\MDK\C51\BIN\C51.EXE Libaray\Hardware\Device.c OPTIMIZE(8,SPEED) BROWSE INCDIR(.\Libaray\System;.
                    -\Libaray\Hardware;.\Libaray\System) DEBUG OBJECTEXTEND PRINT(.\Listings\Device.lst) TABS(2) OBJECT(.\Objects\Device.obj)

line level    source

   1          #include "Device.h"
   2          
   3          
   4          void DeviceCtrl(u8 p2data,u8 p0data)
   5          {
   6   1      
   7   1        P0 = p0data;
   8   1        P2 = P2&0x1f|p2data;
   9   1        P2 &= 0x1f;
  10   1      
  11   1      }


MODULE INFORMATION:   STATIC OVERLAYABLE
   CODE SIZE        =     13    ----
   CONSTANT SIZE    =   ----    ----
   XDATA SIZE       =   ----    ----
   PDATA SIZE       =   ----    ----
   DATA SIZE        =   ----    ----
   IDATA SIZE       =   ----    ----
   BIT SIZE         =   ----    ----
END OF MODULE INFORMATION.


C51 COMPILATION COMPLETE.  0 WARNING(S),  0 ERROR(S)
