C51 COMPILER V9.60.0.0   SONIC                                                             03/27/2023 21:29:15 PAGE 1   


C51 COMPILER V9.60.0.0, COMPILATION OF MODULE SONIC
OBJECT MODULE PLACED IN .\Objects\sonic.obj
COMPILER INVOKED BY: D:\MDK\C51\BIN\C51.EXE Libaray\Hardware\sonic.c OPTIMIZE(8,SPEED) BROWSE INCDIR(.\Libaray\System;.\
                    -Libaray\Hardware;.\Libaray\System) DEBUG OBJECTEXTEND PRINT(.\Listings\sonic.lst) TABS(2) OBJECT(.\Objects\sonic.obj)

line level    source

   1          #include "sonic.h"
   2          
   3          sbit Trig = P1^0;
   4          sbit RX = P1^1;
   5          
   6          
   7          void Timer0Init(void)   //1毫秒@12.000MHz
   8          {
   9   1        AUXR &= 0x7F;   //定时器时钟12T模式
  10   1        TMOD &= 0xF0;   //设置定时器模式
  11   1        TMOD |= 0x01;   //设置定时器模式
  12   1        
  13   1        TL0 = 0x00;   //设置定时初值
  14   1        TH0 = 0x00;   //设置定时初值
  15   1        
  16   1        TF0 = 0;    //清除TF0标志
  17   1        TR0 = 0;    //先不启动
  18   1      }
  19          
  20          
  21          void Sendwave()
  22          {
  23   1        char i ;
  24   1        for(i =0 ;i<8;i++)
  25   1        {
  26   2          Trig = 1;
  27   2          Delay13us();
  28   2          Trig = 0;
  29   2          Delay13us();
  30   2        }
  31   1      }
  32          
  33          
  34          //float GetDistance()
  35          //{
  36          //  float distance = 0;
  37          //  
  38          //  Sendwave();
  39          //  TR0 = 1;
  40          //  while((RX==1)&&(TF0==0));
  41          //  TR0 = 0;  
  42          //  
  43          //  distance = ((TH0<<8)|TL0)*0.017;//cm
  44          //  
  45          //  TF0 = 0;
  46          //  TL0 = 0x00;   //设置定时初值
  47          //  TH0 = 0x00;   //设置定时初值
  48          //  
  49          //  return distance;
  50          //}
  51          
  52          u16 GetDistance()
  53          {
  54   1        float distance = 0;
C51 COMPILER V9.60.0.0   SONIC                                                             03/27/2023 21:29:15 PAGE 2   

  55   1        
  56   1        TL0 = 0x00;   
  57   1        TH0 = 0x00; 
  58   1        
  59   1        Sendwave();
  60   1        TR0 = 1;
  61   1        while(RX==1&&TF0==0);
  62   1        TR0 = 0;  
  63   1        if(TF0==1){
  64   2          TF0 = 0;
  65   2        }else{
  66   2          distance = ((TH0<<8)|TL0)*0.017;//cm
  67   2        }
  68   1        
  69   1        return distance;
  70   1      }


MODULE INFORMATION:   STATIC OVERLAYABLE
   CODE SIZE        =    128    ----
   CONSTANT SIZE    =   ----    ----
   XDATA SIZE       =   ----    ----
   PDATA SIZE       =   ----    ----
   DATA SIZE        =   ----       5
   IDATA SIZE       =   ----    ----
   BIT SIZE         =   ----    ----
END OF MODULE INFORMATION.


C51 COMPILATION COMPLETE.  0 WARNING(S),  0 ERROR(S)
