C51 COMPILER V9.60.0.0   TIMER                                                             03/27/2023 21:29:15 PAGE 1   


C51 COMPILER V9.60.0.0, COMPILATION OF MODULE TIMER
OBJECT MODULE PLACED IN .\Objects\timer.obj
COMPILER INVOKED BY: D:\MDK\C51\BIN\C51.EXE Libaray\System\timer.c OPTIMIZE(8,SPEED) BROWSE INCDIR(.\Libaray\System;.\Li
                    -baray\Hardware;.\Libaray\System) DEBUG OBJECTEXTEND PRINT(.\Listings\timer.lst) TABS(2) OBJECT(.\Objects\timer.obj)

line level    source

   1          #include "timer.h"
   2          
   3          
   4          
   5          
   6          void Timer2Init(void)   //1毫秒@12.000MHz
   7          {
   8   1        AUXR |= 0x04;   //定时器时钟1T模式
   9   1        T2L = 0x20;   //设置定时初值
  10   1        T2H = 0xD1;   //设置定时初值
  11   1        AUXR |= 0x10;   //定时器2开始计时
  12   1        
  13   1        IE2 |= 0x04;
  14   1        EA =1;
  15   1      }


MODULE INFORMATION:   STATIC OVERLAYABLE
   CODE SIZE        =     18    ----
   CONSTANT SIZE    =   ----    ----
   XDATA SIZE       =   ----    ----
   PDATA SIZE       =   ----    ----
   DATA SIZE        =   ----    ----
   IDATA SIZE       =   ----    ----
   BIT SIZE         =   ----    ----
END OF MODULE INFORMATION.


C51 COMPILATION COMPLETE.  0 WARNING(S),  0 ERROR(S)
