C51 COMPILER V9.60.0.0   UART                                                              03/27/2023 21:29:15 PAGE 1   


C51 COMPILER V9.60.0.0, COMPILATION OF MODULE UART
OBJECT MODULE PLACED IN .\Objects\uart.obj
COMPILER INVOKED BY: D:\MDK\C51\BIN\C51.EXE Libaray\Hardware\uart.c OPTIMIZE(8,SPEED) BROWSE INCDIR(.\Libaray\System;.\L
                    -ibaray\Hardware;.\Libaray\System) DEBUG OBJECTEXTEND PRINT(.\Listings\uart.lst) TABS(2) OBJECT(.\Objects\uart.obj)

line level    source

   1          #include "uart.h"
   2          
   3          
   4          void UartInit(void)   //115200bps@12.000MHz
   5          {
   6   1        SCON = 0x50;    //8位数据,可变波特率
   7   1        AUXR |= 0x40;   //定时器1时钟为Fosc,即1T
   8   1        AUXR &= 0xFE;   //串口1选择定时器1为波特率发生器
   9   1        TMOD &= 0x0F;   //设定定时器1为16位自动重装方式
  10   1        TL1 = 0xE6;   //设定定时初值
  11   1        TH1 = 0xFF;   //设定定时初值
  12   1        ET1 = 0;    //禁止定时器1中断
  13   1        TR1 = 1;    //启动定时器1
  14   1        
  15   1        ES = 1;
  16   1        EA = 1;
  17   1        
  18   1      }


MODULE INFORMATION:   STATIC OVERLAYABLE
   CODE SIZE        =     27    ----
   CONSTANT SIZE    =   ----    ----
   XDATA SIZE       =   ----    ----
   PDATA SIZE       =   ----    ----
   DATA SIZE        =   ----    ----
   IDATA SIZE       =   ----    ----
   BIT SIZE         =   ----    ----
END OF MODULE INFORMATION.


C51 COMPILATION COMPLETE.  0 WARNING(S),  0 ERROR(S)
